  Building NVCC (Device) object CMakeFiles/cis565_getting_started.dir/src/Release/cis565_getting_started_generated_kernel.cu.obj
  -- Removing D:/School Files/Penn Fall 2021/CIS565/Project0-Getting-Started/build/CMakeFiles/cis565_getting_started.dir/src/Release/cis565_getting_started_generated_kernel.cu.obj
  "C:/Program Files/CMake/bin/cmake.exe" -E rm -f "D:/School Files/Penn Fall 2021/CIS565/Project0-Getting-Started/build/CMakeFiles/cis565_getting_started.dir/src/Release/cis565_getting_started_generated_kernel.cu.obj"
  -- Generating dependency file: D:/School Files/Penn Fall 2021/CIS565/Project0-Getting-Started/build/CMakeFiles/cis565_getting_started.dir/src/cis565_getting_started_generated_kernel.cu.obj.NVCC-depend
  "C:/Program Files/NVIDIA GPU Computing Toolkit/CUDA/v11.4/bin/nvcc.exe" -M -D__CUDACC__ "D:/School Files/Penn Fall 2021/CIS565/Project0-Getting-Started/cuda-getting-started/src/kernel.cu" -o "D:/School Files/Penn Fall 2021/CIS565/Project0-Getting-Started/build/CMakeFiles/cis565_getting_started.dir/src/cis565_getting_started_generated_kernel.cu.obj.NVCC-depend" -ccbin "C:/Program Files (x86)/Microsoft Visual Studio/2019/Community/VC/Tools/MSVC/14.29.30133/bin/Hostx64/x64/cl.exe" -m64 -DCUDA_COMPUTE_61 -DGLEW_STATIC -Xcompiler ,\"/DWIN32\",\"/D_WINDOWS\",\"/W3\",\"/GR\",\"/EHsc\",\"/MD\",\"/O2\",\"/Ob2\",\"/DNDEBUG\" -gencode arch=compute_61,code=sm_61 -DNVCC "-IC:/Program Files/NVIDIA GPU Computing Toolkit/CUDA/v11.4/include" "-ID:/School Files/Penn Fall 2021/CIS565/Project0-Getting-Started/cuda-getting-started/external/include"
  kernel.cu
  -- Generating temporary cmake readable file: D:/School Files/Penn Fall 2021/CIS565/Project0-Getting-Started/build/CMakeFiles/cis565_getting_started.dir/src/cis565_getting_started_generated_kernel.cu.obj.depend.tmp
  "C:/Program Files/CMake/bin/cmake.exe" -D "input_file:FILEPATH=D:/School Files/Penn Fall 2021/CIS565/Project0-Getting-Started/build/CMakeFiles/cis565_getting_started.dir/src/cis565_getting_started_generated_kernel.cu.obj.NVCC-depend" -D "output_file:FILEPATH=D:/School Files/Penn Fall 2021/CIS565/Project0-Getting-Started/build/CMakeFiles/cis565_getting_started.dir/src/cis565_getting_started_generated_kernel.cu.obj.depend.tmp" -D verbose=ON -P "C:/Program Files/CMake/share/cmake-3.21/Modules/FindCUDA/make2cmake.cmake"
  -- Copy if different D:/School Files/Penn Fall 2021/CIS565/Project0-Getting-Started/build/CMakeFiles/cis565_getting_started.dir/src/cis565_getting_started_generated_kernel.cu.obj.depend.tmp to D:/School Files/Penn Fall 2021/CIS565/Project0-Getting-Started/build/CMakeFiles/cis565_getting_started.dir/src/cis565_getting_started_generated_kernel.cu.obj.depend
  "C:/Program Files/CMake/bin/cmake.exe" -E copy_if_different "D:/School Files/Penn Fall 2021/CIS565/Project0-Getting-Started/build/CMakeFiles/cis565_getting_started.dir/src/cis565_getting_started_generated_kernel.cu.obj.depend.tmp" "D:/School Files/Penn Fall 2021/CIS565/Project0-Getting-Started/build/CMakeFiles/cis565_getting_started.dir/src/cis565_getting_started_generated_kernel.cu.obj.depend"
  -- Removing D:/School Files/Penn Fall 2021/CIS565/Project0-Getting-Started/build/CMakeFiles/cis565_getting_started.dir/src/cis565_getting_started_generated_kernel.cu.obj.depend.tmp and D:/School Files/Penn Fall 2021/CIS565/Project0-Getting-Started/build/CMakeFiles/cis565_getting_started.dir/src/cis565_getting_started_generated_kernel.cu.obj.NVCC-depend
  "C:/Program Files/CMake/bin/cmake.exe" -E rm -f "D:/School Files/Penn Fall 2021/CIS565/Project0-Getting-Started/build/CMakeFiles/cis565_getting_started.dir/src/cis565_getting_started_generated_kernel.cu.obj.depend.tmp" "D:/School Files/Penn Fall 2021/CIS565/Project0-Getting-Started/build/CMakeFiles/cis565_getting_started.dir/src/cis565_getting_started_generated_kernel.cu.obj.NVCC-depend"
  -- Generating D:/School Files/Penn Fall 2021/CIS565/Project0-Getting-Started/build/CMakeFiles/cis565_getting_started.dir/src/Release/cis565_getting_started_generated_kernel.cu.obj
  "C:/Program Files/NVIDIA GPU Computing Toolkit/CUDA/v11.4/bin/nvcc.exe" "D:/School Files/Penn Fall 2021/CIS565/Project0-Getting-Started/cuda-getting-started/src/kernel.cu" -c -o "D:/School Files/Penn Fall 2021/CIS565/Project0-Getting-Started/build/CMakeFiles/cis565_getting_started.dir/src/Release/cis565_getting_started_generated_kernel.cu.obj" -ccbin "C:/Program Files (x86)/Microsoft Visual Studio/2019/Community/VC/Tools/MSVC/14.29.30133/bin/Hostx64/x64/cl.exe" -m64 -DCUDA_COMPUTE_61 -DGLEW_STATIC -Xcompiler ,\"/DWIN32\",\"/D_WINDOWS\",\"/W3\",\"/GR\",\"/EHsc\",\"/MD\",\"/O2\",\"/Ob2\",\"/DNDEBUG\" -gencode arch=compute_61,code=sm_61 -DNVCC "-IC:/Program Files/NVIDIA GPU Computing Toolkit/CUDA/v11.4/include" "-ID:/School Files/Penn Fall 2021/CIS565/Project0-Getting-Started/cuda-getting-started/external/include"
  kernel.cu
d:\school files\penn fall 2021\cis565\project0-getting-started\cuda-getting-started\src\kernel.cu(68): warning C4996: 'cudaThreadSynchronize': was declared deprecated
  Generated D:/School Files/Penn Fall 2021/CIS565/Project0-Getting-Started/build/CMakeFiles/cis565_getting_started.dir/src/Release/cis565_getting_started_generated_kernel.cu.obj successfully.
  Building Custom Rule D:/School Files/Penn Fall 2021/CIS565/Project0-Getting-Started/cuda-getting-started/CMakeLists.txt
  glslUtility.cpp
  main.cpp
D:\School Files\Penn Fall 2021\CIS565\Project0-Getting-Started\cuda-getting-started\src\main.cpp(94,9): warning C4996: 'cudaGLRegisterBufferObject': was declared deprecated
D:\School Files\Penn Fall 2021\CIS565\Project0-Getting-Started\cuda-getting-started\src\main.cpp(135,5): warning C4996: 'cudaGLSetGLDevice': was declared deprecated
D:\School Files\Penn Fall 2021\CIS565\Project0-Getting-Started\cuda-getting-started\src\main.cpp(169,5): warning C4996: 'cudaGLMapBufferObject': was declared deprecated
D:\School Files\Penn Fall 2021\CIS565\Project0-Getting-Started\cuda-getting-started\src\main.cpp(175,5): warning C4996: 'cudaGLUnmapBufferObject': was declared deprecated
D:\School Files\Penn Fall 2021\CIS565\Project0-Getting-Started\cuda-getting-started\src\main.cpp(224,9): warning C4996: 'cudaGLUnregisterBufferObject': was declared deprecated
  Generating Code...
     Creating library D:/School Files/Penn Fall 2021/CIS565/Project0-Getting-Started/build/lib/Release/cis565_getting_started.lib and object D:/School Files/Penn Fall 2021/CIS565/Project0-Getting-Started/build/lib/Release/cis565_getting_started.exp
LINK : warning LNK4098: defaultlib 'LIBCMT' conflicts with use of other libs; use /NODEFAULTLIB:library
  cis565_getting_started.vcxproj -> D:\School Files\Penn Fall 2021\CIS565\Project0-Getting-Started\build\bin\Release\cis565_getting_started.exe
